Time slot   0
ld_routine
	Loaded a process at input/proc/p0s, PID: 1 PRIO: 0
Time slot   1
	CPU 1: Dispatched process  1
	Loaded a process at input/proc/p1s, PID: 2 PRIO: 15
Time slot   2
liballoc:178
print_pgtbl:
 PDG=0000000102a128c0 P4g=000000088f402000 PUD=000000088f409000 PMD=000000088f40c000
print_list_vma:
vma_id=0 start=0 end=1000 sbrk=1000
print_list_rg: [12c->1000] [0->0]
	CPU 0: Dispatched process  2
Time slot   3
liballoc:178
print_pgtbl:
 PDG=0000000102a128c0 P4g=000000088f402000 PUD=000000088f409000 PMD=000000088f40c000
print_list_vma:
vma_id=0 start=0 end=1000 sbrk=1000
print_list_rg: [258->1000] [0->0]
	Loaded a process at input/proc/p1s, PID: 3 PRIO: 0
Time slot   4
libfree:218
print_pgtbl:
 PDG=0000000102a128c0 P4g=000000088f402000 PUD=000000088f409000 PMD=000000088f40c000
print_list_vma:
vma_id=0 start=0 end=1000 sbrk=1000
print_list_rg: [0->12c] [258->1000] [0->0]
Time slot   5
liballoc:178
print_pgtbl:
 PDG=0000000102a128c0 P4g=000000088f402000 PUD=000000088f409000 PMD=000000088f40c000
print_list_vma:
vma_id=0 start=0 end=1000 sbrk=1000
print_list_rg: [64->12c] [258->1000] [0->0]
Time slot   6
libwrite:502
print_pgtbl:
 PDG=0000000102a128c0 P4g=000000088f402000 PUD=000000088f409000 PMD=000000088f40c000
	Loaded a process at input/proc/p0s, PID: 4 PRIO: 0
Time slot   7
	CPU 1: Put process  1 to run queue
	CPU 1: Dispatched process  3
Time slot   8
	CPU 0: Put process  2 to run queue
	CPU 0: Dispatched process  4
Time slot   9
liballoc:178
print_pgtbl:
 PDG=000000088f419000 P4g=000000088f417000 PUD=000000088f41c000 PMD=000000088f41a000
print_list_vma:
vma_id=0 start=0 end=1000 sbrk=1000
print_list_rg: [12c->1000] [0->0]
Time slot  10
liballoc:178
print_pgtbl:
 PDG=000000088f419000 P4g=000000088f417000 PUD=000000088f41c000 PMD=000000088f41a000
print_list_vma:
vma_id=0 start=0 end=1000 sbrk=1000
print_list_rg: [258->1000] [0->0]
Time slot  11
libfree:218
print_pgtbl:
 PDG=000000088f419000 P4g=000000088f417000 PUD=000000088f41c000 PMD=000000088f41a000
print_list_vma:
vma_id=0 start=0 end=1000 sbrk=1000
print_list_rg: [0->12c] [258->1000] [0->0]
Time slot  12
liballoc:178
print_pgtbl:
 PDG=000000088f419000 P4g=000000088f417000 PUD=000000088f41c000 PMD=000000088f41a000
print_list_vma:
vma_id=0 start=0 end=1000 sbrk=1000
print_list_rg: [64->12c] [258->1000] [0->0]
Time slot  13
	CPU 1: Put process  3 to run queue
	CPU 1: Dispatched process  1
libread:426
print_pgtbl:
 PDG=0000000102a128c0 P4g=000000088f402000 PUD=000000088f409000 PMD=000000088f40c000
libwrite:502
print_pgtbl:
 PDG=000000088f419000 P4g=000000088f417000 PUD=000000088f41c000 PMD=000000088f41a000
Time slot  14
libwrite:502 failed
print_pgtbl:
 PDG=0000000102a128c0 P4g=000000088f402000 PUD=000000088f409000 PMD=000000088f40c000
	CPU 0: Put process  4 to run queue
	CPU 0: Dispatched process  3
Time slot  15
libread:426
print_pgtbl:
 PDG=0000000102a128c0 P4g=000000088f402000 PUD=000000088f409000 PMD=000000088f40c000
Time slot  16
libwrite:502 failed
print_pgtbl:
 PDG=0000000102a128c0 P4g=000000088f402000 PUD=000000088f409000 PMD=000000088f40c000
Time slot  17
libread:426
print_pgtbl:
 PDG=0000000102a128c0 P4g=000000088f402000 PUD=000000088f409000 PMD=000000088f40c000
Time slot  18
Time slot  19
	CPU 1: Put process  1 to run queue
	CPU 1: Dispatched process  4
libread:426
print_pgtbl:
 PDG=000000088f419000 P4g=000000088f417000 PUD=000000088f41c000 PMD=000000088f41a000
Time slot  20
libwrite:502 failed
print_pgtbl:
 PDG=000000088f419000 P4g=000000088f417000 PUD=000000088f41c000 PMD=000000088f41a000
	CPU 0: Put process  3 to run queue
	CPU 0: Dispatched process  1
libfree:218
print_pgtbl:
 PDG=0000000102a128c0 P4g=000000088f402000 PUD=000000088f409000 PMD=000000088f40c000
print_list_vma:
vma_id=0 start=0 end=1000 sbrk=1000
print_list_rg: [12c->258] [64->12c] [258->1000] [0->0]
Time slot  21
libread:426
print_pgtbl:
 PDG=000000088f419000 P4g=000000088f417000 PUD=000000088f41c000 PMD=000000088f41a000
Time slot  22
libwrite:502 failed
print_pgtbl:
 PDG=000000088f419000 P4g=000000088f417000 PUD=000000088f41c000 PMD=000000088f41a000
	CPU 0: Processed  1 has finished
	CPU 0: Dispatched process  3
Time slot  23
libread:426
print_pgtbl:
 PDG=000000088f419000 P4g=000000088f417000 PUD=000000088f41c000 PMD=000000088f41a000
Time slot  24
Time slot  25
	CPU 1: Put process  4 to run queue
	CPU 1: Dispatched process  4
libfree:218
print_pgtbl:
 PDG=000000088f419000 P4g=000000088f417000 PUD=000000088f41c000 PMD=000000088f41a000
print_list_vma:
vma_id=0 start=0 end=1000 sbrk=1000
print_list_rg: [12c->258] [64->12c] [258->1000] [0->0]
Time slot  26
Time slot  27
	CPU 1: Processed  4 has finished
	CPU 1: Dispatched process  2
Time slot  28
	CPU 0: Put process  3 to run queue
	CPU 0: Dispatched process  3
Time slot  29
	CPU 0: Processed  3 has finished
	CPU 0 stopped
Time slot  30
Time slot  31
Time slot  32
Time slot  33
	CPU 1: Put process  2 to run queue
	CPU 1: Dispatched process  2
Time slot  34
Time slot  35
Time slot  36
Time slot  37
Time slot  38
Time slot  39
	CPU 1: Put process  2 to run queue
	CPU 1: Dispatched process  2
Time slot  40
	CPU 1: Processed  2 has finished
	CPU 1 stopped
