Time slot   0
ld_routine
Time slot   1
	Loaded a process at input/proc/p0s, PID: 1 PRIO: 130
	CPU 0: Dispatched process  1
Time slot   2
liballoc:178
print_pgtbl:
 PDG=000000010332b490 P4g=0000000cbd408000 PUD=0000000cbd407000 PMD=0000000cbd40c000
print_list_vma:
vma_id=0 start=0 end=1000 sbrk=1000
print_list_rg: [12c->1000] [0->0]
Time slot   3
	Loaded a process at input/proc/m0s, PID: 2 PRIO: 120
	CPU 0: Put process  1 to run queue
	CPU 0: Dispatched process  2
liballoc:178
print_pgtbl:
 PDG=0000000cbd40d000 P4g=0000000cbd409000 PUD=0000000cbd411000 PMD=0000000cbd40e000
print_list_vma:
vma_id=0 start=0 end=1000 sbrk=1000
print_list_rg: [12c->1000] [0->0]
Time slot   4
	CPU 3: Dispatched process  1
liballoc:178
print_pgtbl:
 PDG=000000010332b490 P4g=0000000cbd408000 PUD=0000000cbd407000 PMD=0000000cbd40c000
print_list_vma:
vma_id=0 start=0 end=1000 sbrk=1000
print_list_rg: [258->1000] [0->0]
liballoc:178
print_pgtbl:
 PDG=0000000cbd40d000 P4g=0000000cbd409000 PUD=0000000cbd411000 PMD=0000000cbd40e000
print_list_vma:
vma_id=0 start=0 end=1000 sbrk=1000
print_list_rg: [190->1000] [0->0]
Time slot   5
libfree:218
print_pgtbl:
 PDG=000000010332b490 P4g=0000000cbd408000 PUD=0000000cbd407000 PMD=0000000cbd40c000
print_list_vma:
vma_id=0 start=0 end=1000 sbrk=1000
print_list_rg: [0->12c] [258->1000] [0->0]
	Loaded a process at input/proc/s1, PID: 3 PRIO: 0
	CPU 0: Put process  2 to run queue
	CPU 0: Dispatched process  3
Time slot   6
	CPU 3: Put process  1 to run queue
	CPU 3: Dispatched process  2
libfree:218
print_pgtbl:
 PDG=0000000cbd40d000 P4g=0000000cbd409000 PUD=0000000cbd411000 PMD=0000000cbd40e000
print_list_vma:
vma_id=0 start=0 end=1000 sbrk=1000
print_list_rg: [0->12c] [190->1000] [0->0]
	CPU 2: Dispatched process  1
liballoc:178
print_pgtbl:
 PDG=000000010332b490 P4g=0000000cbd408000 PUD=0000000cbd407000 PMD=0000000cbd40c000
print_list_vma:
vma_id=0 start=0 end=1000 sbrk=1000
print_list_rg: [64->12c] [258->1000] [0->0]
	Loaded a process at input/proc/p1s, PID: 4 PRIO: 15
Time slot   7
liballoc:178
print_pgtbl:
	CPU 1: Dispatched process  4
	CPU 0: Put process  3 to run queue
	CPU 0: Dispatched process  3
libwrite:502
print_pgtbl:
 PDG=000000010332b490 P4g=0000000cbd408000 PUD=0000000cbd407000 PMD=0000000cbd40c000
 PDG=0000000cbd40d000 P4g=0000000cbd409000 PUD=0000000cbd411000 PMD=0000000cbd40e000
print_list_vma:
vma_id=0 start=0 end=1000 sbrk=1000
print_list_rg: [64->12c] [190->1000] [0->0]
Time slot   8
	CPU 3: Put process  2 to run queue
	CPU 3: Dispatched process  2
libwrite:502
print_pgtbl:
 PDG=0000000cbd40d000 P4g=0000000cbd409000 PUD=0000000cbd411000 PMD=0000000cbd40e000
	CPU 2: Put process  1 to run queue
	CPU 2: Dispatched process  1
libread:426
print_pgtbl:
 PDG=000000010332b490 P4g=0000000cbd408000 PUD=0000000cbd407000 PMD=0000000cbd40c000
Time slot   9
libwrite:502 failed
	CPU 1: Put process  4 to run queue
	CPU 1: Dispatched process  4
libwrite:502 failed
print_pgtbl:
 PDG=000000010332b490 P4g=0000000cbd408000 PUD=0000000cbd407000 PMD=0000000cbd40c000
print_pgtbl:
 PDG=0000000cbd40d000 P4g=0000000cbd409000 PUD=0000000cbd411000 PMD=0000000cbd40e000
	Loaded a process at input/proc/s3, PID: 5 PRIO: 39
	CPU 0: Put process  3 to run queue
	CPU 0: Dispatched process  3
Time slot  10
	CPU 3: Processed  2 has finished
	CPU 3: Dispatched process  5
	CPU 2: Put process  1 to run queue
	CPU 2: Dispatched process  1
libread:426
print_pgtbl:
 PDG=000000010332b490 P4g=0000000cbd408000 PUD=0000000cbd407000 PMD=0000000cbd40c000
	Loaded a process at input/proc/s2, PID: 6 PRIO: 120
Time slot  11
libwrite:502 failed
print_pgtbl:
	Loaded a process at input/proc/m1s, PID: 7 PRIO: 15
	CPU 1: Put process  4 to run queue
	CPU 1: Dispatched process  7
liballoc:178
print_pgtbl:
 PDG=0000000cbd427000 P4g=0000000cbd422000 PUD=0000000cbd42b000 PMD=0000000cbd42c000
print_list_vma:
vma_id=0 start=0 end=1000 sbrk=1000
print_list_rg: [12c->1000] [0->0]
 PDG=000000010332b490 P4g=0000000cbd408000 PUD=0000000cbd407000 PMD=0000000cbd40c000
	CPU 0: Put process  3 to run queue
	CPU 0: Dispatched process  3
Time slot  12
	CPU 3: Put process  5 to run queue
	CPU 3: Dispatched process  4
liballoc:178
print_pgtbl:
	CPU 2: Put process  1 to run queue
	CPU 2: Dispatched process  5
	Loaded a process at input/proc/s0, PID: 8 PRIO: 38
 PDG=0000000cbd427000 P4g=0000000cbd422000 PUD=0000000cbd42b000 PMD=0000000cbd42c000
print_list_vma:
vma_id=0 start=0 end=1000 sbrk=1000
print_list_rg: [190->1000] [0->0]
Time slot  13
	CPU 1: Put process  7 to run queue
	CPU 1: Dispatched process  7
libfree:218
print_pgtbl:
 PDG=0000000cbd427000 P4g=0000000cbd422000 PUD=0000000cbd42b000 PMD=0000000cbd42c000
print_list_vma:
vma_id=0 start=0 end=1000 sbrk=1000
print_list_rg: [0->12c] [190->1000] [0->0]
	CPU 0: Put process  3 to run queue
	CPU 0: Dispatched process  3
Time slot  14
	CPU 3: Put process  4 to run queue
	CPU 3: Dispatched process  4
	CPU 2: Put process  5 to run queue
	CPU 0: Processed  3 has finished
	CPU 0: Dispatched process  5
liballoc:178
print_pgtbl:
 PDG=0000000cbd427000 P4g=0000000cbd422000 PUD=0000000cbd42b000 PMD=0000000cbd42c000
print_list_vma:
vma_id=0 start=0 end=1000 sbrk=1000
print_list_rg: [64->12c] [190->1000] [0->0]
	CPU 2: Dispatched process  8
Time slot  15
	CPU 1: Put process  7 to run queue
	CPU 1: Dispatched process  7
libfree:218
print_pgtbl:
 PDG=0000000cbd427000 P4g=0000000cbd422000 PUD=0000000cbd42b000 PMD=0000000cbd42c000
print_list_vma:
vma_id=0 start=0 end=1000 sbrk=1000
print_list_rg: [0->64] [64->12c] [190->1000] [0->0]
Time slot  16
	CPU 3: Put process  4 to run queue
	CPU 3: Dispatched process  4
	CPU 2: Put process  8 to run queue
libfree:218
print_pgtbl:
 PDG=0000000cbd427000 P4g=0000000cbd422000 PUD=0000000cbd42b000 PMD=0000000cbd42c000
print_list_vma:
vma_id=0 start=0 end=1000 sbrk=1000
print_list_rg: [12c->190] [0->64] [64->12c] [190->1000] [0->0]
	CPU 2: Dispatched process  8
	CPU 0: Put process  5 to run queue
	CPU 0: Dispatched process  5
Time slot  17
	CPU 1: Processed  7 has finished
	CPU 1: Dispatched process  6
Time slot  18
	CPU 3: Put process  4 to run queue
	CPU 3: Dispatched process  4
	CPU 0: Put process  5 to run queue
	CPU 0: Dispatched process  5
	CPU 2: Put process  8 to run queue
	CPU 2: Dispatched process  8
Time slot  19
	CPU 1: Put process  6 to run queue
	CPU 1: Dispatched process  6
Time slot  20
	CPU 3: Put process  4 to run queue
	CPU 3: Dispatched process  4
	CPU 2: Put process  8 to run queue
	CPU 2: Dispatched process  8
	CPU 0: Put process  5 to run queue
	CPU 0: Dispatched process  5
Time slot  21
	CPU 1: Put process  6 to run queue
	CPU 1: Dispatched process  6
Time slot  22
	CPU 3: Put process  4 to run queue
	CPU 3: Dispatched process  4
	CPU 2: Put process  8 to run queue
	CPU 2: Dispatched process  8
	CPU 0: Put process  5 to run queue
	CPU 0: Dispatched process  5
Time slot  23
	CPU 1: Put process  6 to run queue
	CPU 1: Dispatched process  6
Time slot  24
	CPU 3: Put process  4 to run queue
	CPU 3: Dispatched process  4
	CPU 0: Put process  5 to run queue
	CPU 0: Dispatched process  5
	CPU 2: Put process  8 to run queue
	CPU 2: Dispatched process  8
Time slot  25
	CPU 1: Put process  6 to run queue
	CPU 1: Dispatched process  6
Time slot  26
	CPU 3: Put process  4 to run queue
	CPU 3: Dispatched process  4
	CPU 2: Put process  8 to run queue
	CPU 2: Dispatched process  8
	CPU 0: Processed  5 has finished
	CPU 0: Dispatched process  1
libread:426
print_pgtbl:
 PDG=000000010332b490 P4g=0000000cbd408000 PUD=0000000cbd407000 PMD=0000000cbd40c000
Time slot  27
	CPU 3: Processed  4 has finished
	CPU 3 stopped
	CPU 1: Put process  6 to run queue
	CPU 1: Dispatched process  6
Time slot  28
	CPU 2: Put process  8 to run queue
	CPU 2: Dispatched process  8
	CPU 0: Put process  1 to run queue
	CPU 0: Dispatched process  1
libfree:218
print_pgtbl:
 PDG=000000010332b490 P4g=0000000cbd408000 PUD=0000000cbd407000 PMD=0000000cbd40c000
print_list_vma:
vma_id=0 start=0 end=1000 sbrk=1000
print_list_rg: [12c->258] [64->12c] [258->1000] [0->0]
Time slot  29
	CPU 2: Processed  8 has finished
	CPU 2 stopped
	CPU 1: Processed  6 has finished
	CPU 1 stopped
Time slot  30
	CPU 0: Processed  1 has finished
	CPU 0 stopped
